2014-11-19 18:49:58 Error: [MissingControllerException] Controller class CssController could not be found.
Exception Attributes: array (
  'class' => 'CssController',
  'plugin' => NULL,
)
Request URL: /css/cake.generic.css
Stack Trace:
#0 D:\OpenServer\domains\filemanager.dev\app\webroot\index.php(108): Dispatcher->dispatch(Object(CakeRequest), Object(CakeResponse))
#1 {main}
2014-11-19 18:49:58 Error: [MissingControllerException] Controller class ImgController could not be found.
Exception Attributes: array (
  'class' => 'ImgController',
  'plugin' => NULL,
)
Request URL: /img/cake.power.gif
Stack Trace:
#0 D:\OpenServer\domains\filemanager.dev\app\webroot\index.php(108): Dispatcher->dispatch(Object(CakeRequest), Object(CakeResponse))
#1 {main}
2014-11-19 18:50:13 Error: [MissingControllerException] Controller class PageController could not be found.
Exception Attributes: array (
  'class' => 'PageController',
  'plugin' => NULL,
)
Request URL: /page/index
Stack Trace:
#0 D:\OpenServer\domains\filemanager.dev\app\webroot\index.php(108): Dispatcher->dispatch(Object(CakeRequest), Object(CakeResponse))
#1 {main}
2014-11-19 18:50:13 Error: [MissingControllerException] Controller class CssController could not be found.
Exception Attributes: array (
  'class' => 'CssController',
  'plugin' => NULL,
)
Request URL: /css/cake.generic.css
Stack Trace:
#0 D:\OpenServer\domains\filemanager.dev\app\webroot\index.php(108): Dispatcher->dispatch(Object(CakeRequest), Object(CakeResponse))
#1 {main}
2014-11-19 18:50:14 Error: [MissingControllerException] Controller class ImgController could not be found.
Exception Attributes: array (
  'class' => 'ImgController',
  'plugin' => NULL,
)
Request URL: /img/cake.power.gif
Stack Trace:
#0 D:\OpenServer\domains\filemanager.dev\app\webroot\index.php(108): Dispatcher->dispatch(Object(CakeRequest), Object(CakeResponse))
#1 {main}
2014-11-19 18:50:27 Error: [MissingControllerException] Controller class CssController could not be found.
Exception Attributes: array (
  'class' => 'CssController',
  'plugin' => NULL,
)
Request URL: /css/cake.generic.css
Stack Trace:
#0 D:\OpenServer\domains\filemanager.dev\app\webroot\index.php(108): Dispatcher->dispatch(Object(CakeRequest), Object(CakeResponse))
#1 {main}
2014-11-19 18:50:27 Error: [MissingControllerException] Controller class ImgController could not be found.
Exception Attributes: array (
  'class' => 'ImgController',
  'plugin' => NULL,
)
Request URL: /img/cake.power.gif
Stack Trace:
#0 D:\OpenServer\domains\filemanager.dev\app\webroot\index.php(108): Dispatcher->dispatch(Object(CakeRequest), Object(CakeResponse))
#1 {main}
2014-11-19 18:51:05 Error: [MissingViewException] View file "D:\OpenServer\domains\filemanager.dev\app\View\Pages\haha.ctp" is missing.
Exception Attributes: array (
  'file' => 'D:\\OpenServer\\domains\\filemanager.dev\\app\\View\\Pages\\haha.ctp',
)
Request URL: /pages/haha
Stack Trace:
#0 D:\OpenServer\domains\filemanager.dev\lib\Cake\View\View.php(468): View->_getViewFileName('haha')
#1 D:\OpenServer\domains\filemanager.dev\lib\Cake\Controller\Controller.php(954): View->render('haha', NULL)
#2 D:\OpenServer\domains\filemanager.dev\app\Controller\PagesController.php(68): Controller->render('haha')
#3 [internal function]: PagesController->display('haha')
#4 D:\OpenServer\domains\filemanager.dev\lib\Cake\Controller\Controller.php(490): ReflectionMethod->invokeArgs(Object(PagesController), Array)
#5 D:\OpenServer\domains\filemanager.dev\lib\Cake\Routing\Dispatcher.php(191): Controller->invokeAction(Object(CakeRequest))
#6 D:\OpenServer\domains\filemanager.dev\lib\Cake\Routing\Dispatcher.php(165): Dispatcher->_invoke(Object(PagesController), Object(CakeRequest))
#7 D:\OpenServer\domains\filemanager.dev\app\webroot\index.php(108): Dispatcher->dispatch(Object(CakeRequest), Object(CakeResponse))
#8 {main}
2014-11-19 18:51:05 Error: [MissingControllerException] Controller class CssController could not be found.
Exception Attributes: array (
  'class' => 'CssController',
  'plugin' => NULL,
)
Request URL: /css/cake.generic.css
Stack Trace:
#0 D:\OpenServer\domains\filemanager.dev\app\webroot\index.php(108): Dispatcher->dispatch(Object(CakeRequest), Object(CakeResponse))
#1 {main}
2014-11-19 18:51:06 Error: [MissingControllerException] Controller class ImgController could not be found.
Exception Attributes: array (
  'class' => 'ImgController',
  'plugin' => NULL,
)
Request URL: /img/cake.power.gif
Stack Trace:
#0 D:\OpenServer\domains\filemanager.dev\app\webroot\index.php(108): Dispatcher->dispatch(Object(CakeRequest), Object(CakeResponse))
#1 {main}
2014-11-19 18:53:51 Error: [MissingViewException] View file "D:\OpenServer\domains\filemanager.dev\app\View\FileManager\index.ctp" is missing.
Exception Attributes: array (
  'file' => 'D:\\OpenServer\\domains\\filemanager.dev\\app\\View\\FileManager\\index.ctp',
)
Request URL: /FileManager
Stack Trace:
#0 D:\OpenServer\domains\filemanager.dev\lib\Cake\View\View.php(468): View->_getViewFileName(NULL)
#1 D:\OpenServer\domains\filemanager.dev\lib\Cake\Controller\Controller.php(954): View->render(NULL, NULL)
#2 D:\OpenServer\domains\filemanager.dev\lib\Cake\Routing\Dispatcher.php(198): Controller->render()
#3 D:\OpenServer\domains\filemanager.dev\lib\Cake\Routing\Dispatcher.php(165): Dispatcher->_invoke(Object(FileManagerController), Object(CakeRequest))
#4 D:\OpenServer\domains\filemanager.dev\app\webroot\index.php(108): Dispatcher->dispatch(Object(CakeRequest), Object(CakeResponse))
#5 {main}
2014-11-19 18:53:51 Error: [MissingControllerException] Controller class CssController could not be found.
Exception Attributes: array (
  'class' => 'CssController',
  'plugin' => NULL,
)
Request URL: /css/cake.generic.css
Stack Trace:
#0 D:\OpenServer\domains\filemanager.dev\app\webroot\index.php(108): Dispatcher->dispatch(Object(CakeRequest), Object(CakeResponse))
#1 {main}
2014-11-19 18:53:52 Error: [MissingControllerException] Controller class ImgController could not be found.
Exception Attributes: array (
  'class' => 'ImgController',
  'plugin' => NULL,
)
Request URL: /img/cake.power.gif
Stack Trace:
#0 D:\OpenServer\domains\filemanager.dev\app\webroot\index.php(108): Dispatcher->dispatch(Object(CakeRequest), Object(CakeResponse))
#1 {main}
2014-11-19 18:54:14 Error: [MissingControllerException] Controller class FileManagerController could not be found.
Exception Attributes: array (
  'class' => 'FileManagerController',
  'plugin' => NULL,
)
Request URL: /FileManager
Stack Trace:
#0 D:\OpenServer\domains\filemanager.dev\app\webroot\index.php(108): Dispatcher->dispatch(Object(CakeRequest), Object(CakeResponse))
#1 {main}
2014-11-19 18:54:15 Error: [MissingControllerException] Controller class CssController could not be found.
Exception Attributes: array (
  'class' => 'CssController',
  'plugin' => NULL,
)
Request URL: /css/cake.generic.css
Stack Trace:
#0 D:\OpenServer\domains\filemanager.dev\app\webroot\index.php(108): Dispatcher->dispatch(Object(CakeRequest), Object(CakeResponse))
#1 {main}
2014-11-19 18:54:15 Error: [MissingControllerException] Controller class ImgController could not be found.
Exception Attributes: array (
  'class' => 'ImgController',
  'plugin' => NULL,
)
Request URL: /img/cake.power.gif
Stack Trace:
#0 D:\OpenServer\domains\filemanager.dev\app\webroot\index.php(108): Dispatcher->dispatch(Object(CakeRequest), Object(CakeResponse))
#1 {main}
2014-11-19 18:56:21 Error: [MissingActionException] Action AppController::index() could not be found.
Exception Attributes: array (
  'controller' => 'AppController',
  'action' => 'index',
)
Request URL: /App/
Stack Trace:
#0 D:\OpenServer\domains\filemanager.dev\lib\Cake\Routing\Dispatcher.php(191): Controller->invokeAction(Object(CakeRequest))
#1 D:\OpenServer\domains\filemanager.dev\lib\Cake\Routing\Dispatcher.php(165): Dispatcher->_invoke(Object(AppController), Object(CakeRequest))
#2 D:\OpenServer\domains\filemanager.dev\app\webroot\index.php(108): Dispatcher->dispatch(Object(CakeRequest), Object(CakeResponse))
#3 {main}
2014-11-19 18:56:21 Error: [MissingControllerException] Controller class ImgController could not be found.
Exception Attributes: array (
  'class' => 'ImgController',
  'plugin' => NULL,
)
Request URL: /img/cake.power.gif
Stack Trace:
#0 D:\OpenServer\domains\filemanager.dev\app\webroot\index.php(108): Dispatcher->dispatch(Object(CakeRequest), Object(CakeResponse))
#1 {main}
2014-11-19 18:56:22 Error: [MissingControllerException] Controller class CssController could not be found.
Exception Attributes: array (
  'class' => 'CssController',
  'plugin' => NULL,
)
Request URL: /css/cake.generic.css
Stack Trace:
#0 D:\OpenServer\domains\filemanager.dev\app\webroot\index.php(108): Dispatcher->dispatch(Object(CakeRequest), Object(CakeResponse))
#1 {main}
2014-11-19 18:56:22 Error: [MissingControllerException] Controller class ImgController could not be found.
Exception Attributes: array (
  'class' => 'ImgController',
  'plugin' => NULL,
)
Request URL: /img/cake.power.gif
Stack Trace:
#0 D:\OpenServer\domains\filemanager.dev\app\webroot\index.php(108): Dispatcher->dispatch(Object(CakeRequest), Object(CakeResponse))
#1 {main}
2014-11-19 18:58:24 Error: [MissingControllerException] Controller class CssController could not be found.
Exception Attributes: array (
  'class' => 'CssController',
  'plugin' => NULL,
)
Request URL: /css/cake.generic.css
Stack Trace:
#0 D:\OpenServer\domains\filemanager.dev\app\webroot\index.php(108): Dispatcher->dispatch(Object(CakeRequest), Object(CakeResponse))
#1 {main}
2014-11-19 18:58:24 Error: [MissingControllerException] Controller class ImgController could not be found.
Exception Attributes: array (
  'class' => 'ImgController',
  'plugin' => NULL,
)
Request URL: /img/cake.power.gif
Stack Trace:
#0 D:\OpenServer\domains\filemanager.dev\app\webroot\index.php(108): Dispatcher->dispatch(Object(CakeRequest), Object(CakeResponse))
#1 {main}
2014-11-19 19:00:25 Error: Fatal Error (1): Class 'FileManagers' not found in [D:\OpenServer\domains\filemanager.dev\app\Controller\PagesController.php, line 31]
2014-11-19 19:00:25 Error: [FatalErrorException] Class 'FileManagers' not found
Request URL: /
Stack Trace:
#0 D:\OpenServer\domains\filemanager.dev\lib\Cake\Error\ErrorHandler.php(203): ErrorHandler::handleFatalError(1, 'Class 'FileMana...', 'D:\OpenServer\d...', 31)
#1 [internal function]: ErrorHandler::handleError(1, 'Class 'FileMana...', 'D:\OpenServer\d...', 31, Array)
#2 D:\OpenServer\domains\filemanager.dev\lib\Cake\Core\App.php(931): call_user_func('ErrorHandler::h...', 1, 'Class 'FileMana...', 'D:\OpenServer\d...', 31, Array)
#3 D:\OpenServer\domains\filemanager.dev\lib\Cake\Core\App.php(904): App::_checkFatalError()
#4 [internal function]: App::shutdown()
#5 {main}
2014-11-19 19:00:26 Error: Fatal Error (1): Class 'FileManagers' not found in [D:\OpenServer\domains\filemanager.dev\app\Controller\PagesController.php, line 31]
2014-11-19 19:00:26 Error: [FatalErrorException] Class 'FileManagers' not found
Request URL: /
Stack Trace:
#0 D:\OpenServer\domains\filemanager.dev\lib\Cake\Error\ErrorHandler.php(203): ErrorHandler::handleFatalError(1, 'Class 'FileMana...', 'D:\OpenServer\d...', 31)
#1 [internal function]: ErrorHandler::handleError(1, 'Class 'FileMana...', 'D:\OpenServer\d...', 31, Array)
#2 D:\OpenServer\domains\filemanager.dev\lib\Cake\Core\App.php(931): call_user_func('ErrorHandler::h...', 1, 'Class 'FileMana...', 'D:\OpenServer\d...', 31, Array)
#3 D:\OpenServer\domains\filemanager.dev\lib\Cake\Core\App.php(904): App::_checkFatalError()
#4 [internal function]: App::shutdown()
#5 {main}
2014-11-19 19:00:26 Error: [MissingControllerException] Controller class ImgController could not be found.
Exception Attributes: array (
  'class' => 'ImgController',
  'plugin' => NULL,
)
Request URL: /img/cake.power.gif
Stack Trace:
#0 D:\OpenServer\domains\filemanager.dev\app\webroot\index.php(108): Dispatcher->dispatch(Object(CakeRequest), Object(CakeResponse))
#1 {main}
2014-11-19 19:02:40 Error: [ReflectionException] Class PagesController does not have a constructor, so you cannot pass any constructor arguments
Request URL: /
Stack Trace:
#0 D:\OpenServer\domains\filemanager.dev\lib\Cake\Routing\Dispatcher.php(241): ReflectionClass->newInstance(Object(CakeRequest), Object(CakeResponse))
#1 D:\OpenServer\domains\filemanager.dev\lib\Cake\Routing\Dispatcher.php(156): Dispatcher->_getController(Object(CakeRequest), Object(CakeResponse))
#2 D:\OpenServer\domains\filemanager.dev\app\webroot\index.php(108): Dispatcher->dispatch(Object(CakeRequest), Object(CakeResponse))
#3 {main}
2014-11-19 19:02:40 Error: Fatal Error (1): Class 'FileManagers' not found in [D:\OpenServer\domains\filemanager.dev\lib\Cake\Controller\CakeErrorController.php, line 30]
2014-11-19 19:02:40 Error: [FatalErrorException] Class 'FileManagers' not found
Request URL: /
Stack Trace:
#0 D:\OpenServer\domains\filemanager.dev\lib\Cake\Error\ErrorHandler.php(203): ErrorHandler::handleFatalError(1, 'Class 'FileMana...', 'D:\OpenServer\d...', 30)
#1 [internal function]: ErrorHandler::handleError(1, 'Class 'FileMana...', 'D:\OpenServer\d...', 30, Array)
#2 D:\OpenServer\domains\filemanager.dev\lib\Cake\Core\App.php(931): call_user_func('ErrorHandler::h...', 1, 'Class 'FileMana...', 'D:\OpenServer\d...', 30, Array)
#3 D:\OpenServer\domains\filemanager.dev\lib\Cake\Core\App.php(904): App::_checkFatalError()
#4 [internal function]: App::shutdown()
#5 {main}
2014-11-19 19:02:43 Error: [ReflectionException] Class PagesController does not have a constructor, so you cannot pass any constructor arguments
Request URL: /
Stack Trace:
#0 D:\OpenServer\domains\filemanager.dev\lib\Cake\Routing\Dispatcher.php(241): ReflectionClass->newInstance(Object(CakeRequest), Object(CakeResponse))
#1 D:\OpenServer\domains\filemanager.dev\lib\Cake\Routing\Dispatcher.php(156): Dispatcher->_getController(Object(CakeRequest), Object(CakeResponse))
#2 D:\OpenServer\domains\filemanager.dev\app\webroot\index.php(108): Dispatcher->dispatch(Object(CakeRequest), Object(CakeResponse))
#3 {main}
2014-11-19 19:02:43 Error: Fatal Error (1): Class 'FileManagers' not found in [D:\OpenServer\domains\filemanager.dev\lib\Cake\Controller\CakeErrorController.php, line 30]
2014-11-19 19:02:43 Error: [FatalErrorException] Class 'FileManagers' not found
Request URL: /
Stack Trace:
#0 D:\OpenServer\domains\filemanager.dev\lib\Cake\Error\ErrorHandler.php(203): ErrorHandler::handleFatalError(1, 'Class 'FileMana...', 'D:\OpenServer\d...', 30)
#1 [internal function]: ErrorHandler::handleError(1, 'Class 'FileMana...', 'D:\OpenServer\d...', 30, Array)
#2 D:\OpenServer\domains\filemanager.dev\lib\Cake\Core\App.php(931): call_user_func('ErrorHandler::h...', 1, 'Class 'FileMana...', 'D:\OpenServer\d...', 30, Array)
#3 D:\OpenServer\domains\filemanager.dev\lib\Cake\Core\App.php(904): App::_checkFatalError()
#4 [internal function]: App::shutdown()
#5 {main}
2014-11-19 19:14:00 Error: Fatal Error (1): Class 'AdminController' not found in [D:\OpenServer\domains\filemanager.dev\app\Controller\PagesController.php, line 31]
2014-11-19 19:14:00 Error: [FatalErrorException] Class 'AdminController' not found
Request URL: /
Stack Trace:
#0 D:\OpenServer\domains\filemanager.dev\lib\Cake\Error\ErrorHandler.php(203): ErrorHandler::handleFatalError(1, 'Class 'AdminCon...', 'D:\OpenServer\d...', 31)
#1 [internal function]: ErrorHandler::handleError(1, 'Class 'AdminCon...', 'D:\OpenServer\d...', 31, Array)
#2 D:\OpenServer\domains\filemanager.dev\lib\Cake\Core\App.php(931): call_user_func('ErrorHandler::h...', 1, 'Class 'AdminCon...', 'D:\OpenServer\d...', 31, Array)
#3 D:\OpenServer\domains\filemanager.dev\lib\Cake\Core\App.php(904): App::_checkFatalError()
#4 [internal function]: App::shutdown()
#5 {main}
2014-11-19 19:14:01 Error: Fatal Error (1): Class 'AdminController' not found in [D:\OpenServer\domains\filemanager.dev\app\Controller\PagesController.php, line 31]
2014-11-19 19:14:01 Error: [FatalErrorException] Class 'AdminController' not found
Request URL: /
Stack Trace:
#0 D:\OpenServer\domains\filemanager.dev\lib\Cake\Error\ErrorHandler.php(203): ErrorHandler::handleFatalError(1, 'Class 'AdminCon...', 'D:\OpenServer\d...', 31)
#1 [internal function]: ErrorHandler::handleError(1, 'Class 'AdminCon...', 'D:\OpenServer\d...', 31, Array)
#2 D:\OpenServer\domains\filemanager.dev\lib\Cake\Core\App.php(931): call_user_func('ErrorHandler::h...', 1, 'Class 'AdminCon...', 'D:\OpenServer\d...', 31, Array)
#3 D:\OpenServer\domains\filemanager.dev\lib\Cake\Core\App.php(904): App::_checkFatalError()
#4 [internal function]: App::shutdown()
#5 {main}
2014-11-19 19:14:01 Error: [MissingControllerException] Controller class CssController could not be found.
Exception Attributes: array (
  'class' => 'CssController',
  'plugin' => NULL,
)
Request URL: /css/cake.generic.css
Stack Trace:
#0 D:\OpenServer\domains\filemanager.dev\app\webroot\index.php(108): Dispatcher->dispatch(Object(CakeRequest), Object(CakeResponse))
#1 {main}
2014-11-19 19:14:02 Error: [MissingControllerException] Controller class ImgController could not be found.
Exception Attributes: array (
  'class' => 'ImgController',
  'plugin' => NULL,
)
Request URL: /img/cake.power.gif
Stack Trace:
#0 D:\OpenServer\domains\filemanager.dev\app\webroot\index.php(108): Dispatcher->dispatch(Object(CakeRequest), Object(CakeResponse))
#1 {main}
